<?xml version="1.0" encoding="UTF-8"?>
<!-- Generated by org.testng.reporters.JUnitReportReporter -->
<testsuite skipped="0" hostname="piyush.ghildiyal" name="Appiumtest" tests="1" failures="0" timestamp="25 Jul 2019 12:32:31 GMT" time="10.511" errors="0">
  <testcase name="test2__New" time="10.511" classname="Appiumtest"/>
</testsuite> <!-- Appiumtest -->
