<?xml version="1.0" encoding="UTF-8"?>
<!-- Generated by org.testng.reporters.JUnitReportReporter -->
<testsuite skipped="0" hostname="piyush.ghildiyal" name="Appiumtest" tests="1" failures="0" timestamp="24 Jul 2019 05:34:06 GMT" time="10.235" errors="0">
  <testcase name="test2__New" time="10.235" classname="Appiumtest"/>
</testsuite> <!-- Appiumtest -->
